<?xml version="1.0" encoding="UTF-8"?>
<testsuite xmlns:xsi="http://www.w3.org/2001/XMLSchema-instance" xsi:noNamespaceSchemaLocation="https://maven.apache.org/surefire/maven-surefire-plugin/xsd/surefire-test-report-3.0.xsd" version="3.0" name="com.project.bookMembership.BookMembershipApplicationTests" time="6.241" tests="1" errors="0" skipped="0" failures="0">
  <properties>
[...]
</properties>
  <testcase name="contextLoads" classname="com.project.bookMembership.BookMembershipApplicationTests" time="0.38">
    <system-out><![CDATA[15:14:36.701 [main] INFO org.springframework.test.context.support.AnnotationConfigContextLoaderUtils -- Could not detect default configuration classes for test class [com.project.bookMembership.BookMembershipApplicationTests]: BookMembershipApplicationTests does not declare any static, non-private, non-final, nested classes annotated with @Configuration.
15:14:36.764 [main] INFO org.springframework.boot.test.context.SpringBootTestContextBootstrapper -- Found @SpringBootConfiguration com.project.bookMembership.BookMembershipApplication for test class com.project.bookMembership.BookMembershipApplicationTests
15:14:36.837 [main] INFO org.springframework.boot.devtools.restart.RestartApplicationListener -- Restart disabled due to context in which it is running

  .   ____          _            __ _ _
 /\\ / ___'_ __ _ _(_)_ __  __ _ \ \ \ \
( ( )\___ | '_ | '_| | '_ \/ _` | \ \ \ \
 \\/  ___)| |_)| | | | | || (_| |  ) ) ) )
  '  |____| .__|_| |_|_| |_\__, | / / / /
 =========|_|==============|___/=/_/_/_/
 :: Spring Boot ::                (v3.2.2)

2025-01-03T15:14:36.961+07:00  INFO 8085 --- [           main] c.p.b.BookMembershipApplicationTests     : Starting BookMembershipApplicationTests using Java 21.0.4 with PID 8085 (started by fozant in /Users/fozant/All Coding/Skripsi/Repo/MJTrainingCamp/backend)
2025-01-03T15:14:36.962+07:00  INFO 8085 --- [           main] c.p.b.BookMembershipApplicationTests     : No active profile set, falling back to 1 default profile: "default"
2025-01-03T15:14:37.480+07:00  INFO 8085 --- [           main] .s.d.r.c.RepositoryConfigurationDelegate : Bootstrapping Spring Data JPA repositories in DEFAULT mode.
2025-01-03T15:14:37.603+07:00  INFO 8085 --- [           main] .s.d.r.c.RepositoryConfigurationDelegate : Finished Spring Data repository scanning in 114 ms. Found 9 JPA repository interfaces.
2025-01-03T15:14:37.914+07:00  INFO 8085 --- [           main] o.hibernate.jpa.internal.util.LogHelper  : HHH000204: Processing PersistenceUnitInfo [name: default]
2025-01-03T15:14:37.941+07:00  INFO 8085 --- [           main] org.hibernate.Version                    : HHH000412: Hibernate ORM core version 6.4.1.Final
2025-01-03T15:14:37.956+07:00  INFO 8085 --- [           main] o.h.c.internal.RegionFactoryInitiator    : HHH000026: Second-level cache disabled
2025-01-03T15:14:37.997+07:00 DEBUG 8085 --- [           main] org.hibernate.type.BasicTypeRegistry     : Adding type registration boolean -> org.hibernate.type.BasicTypeReference@118acf70
2025-01-03T15:14:37.997+07:00 DEBUG 8085 --- [           main] org.hibernate.type.BasicTypeRegistry     : Adding type registration boolean -> org.hibernate.type.BasicTypeReference@118acf70
2025-01-03T15:14:37.997+07:00 DEBUG 8085 --- [           main] org.hibernate.type.BasicTypeRegistry     : Adding type registration java.lang.Boolean -> org.hibernate.type.BasicTypeReference@118acf70
2025-01-03T15:14:37.998+07:00 DEBUG 8085 --- [           main] org.hibernate.type.BasicTypeRegistry     : Adding type registration numeric_boolean -> org.hibernate.type.BasicTypeReference@72557746
2025-01-03T15:14:37.998+07:00 DEBUG 8085 --- [           main] org.hibernate.type.BasicTypeRegistry     : Adding type registration org.hibernate.type.NumericBooleanConverter -> org.hibernate.type.BasicTypeReference@72557746
2025-01-03T15:14:37.998+07:00 DEBUG 8085 --- [           main] org.hibernate.type.BasicTypeRegistry     : Adding type registration true_false -> org.hibernate.type.BasicTypeReference@8c12524
2025-01-03T15:14:37.998+07:00 DEBUG 8085 --- [           main] org.hibernate.type.BasicTypeRegistry     : Adding type registration org.hibernate.type.TrueFalseConverter -> org.hibernate.type.BasicTypeReference@8c12524
2025-01-03T15:14:37.998+07:00 DEBUG 8085 --- [           main] org.hibernate.type.BasicTypeRegistry     : Adding type registration yes_no -> org.hibernate.type.BasicTypeReference@f723cdb
2025-01-03T15:14:37.998+07:00 DEBUG 8085 --- [           main] org.hibernate.type.BasicTypeRegistry     : Adding type registration org.hibernate.type.YesNoConverter -> org.hibernate.type.BasicTypeReference@f723cdb
2025-01-03T15:14:37.998+07:00 DEBUG 8085 --- [           main] org.hibernate.type.BasicTypeRegistry     : Adding type registration byte -> org.hibernate.type.BasicTypeReference@4844930a
2025-01-03T15:14:37.998+07:00 DEBUG 8085 --- [           main] org.hibernate.type.BasicTypeRegistry     : Adding type registration byte -> org.hibernate.type.BasicTypeReference@4844930a
2025-01-03T15:14:37.998+07:00 DEBUG 8085 --- [           main] org.hibernate.type.BasicTypeRegistry     : Adding type registration java.lang.Byte -> org.hibernate.type.BasicTypeReference@4844930a
2025-01-03T15:14:37.998+07:00 DEBUG 8085 --- [           main] org.hibernate.type.BasicTypeRegistry     : Adding type registration binary -> org.hibernate.type.BasicTypeReference@11f23203
2025-01-03T15:14:37.998+07:00 DEBUG 8085 --- [           main] org.hibernate.type.BasicTypeRegistry     : Adding type registration byte[] -> org.hibernate.type.BasicTypeReference@11f23203
2025-01-03T15:14:37.998+07:00 DEBUG 8085 --- [           main] org.hibernate.type.BasicTypeRegistry     : Adding type registration [B -> org.hibernate.type.BasicTypeReference@11f23203
2025-01-03T15:14:37.998+07:00 DEBUG 8085 --- [           main] org.hibernate.type.BasicTypeRegistry     : Adding type registration binary_wrapper -> org.hibernate.type.BasicTypeReference@101bdd1c
2025-01-03T15:14:37.999+07:00 DEBUG 8085 --- [           main] org.hibernate.type.BasicTypeRegistry     : Adding type registration wrapper-binary -> org.hibernate.type.BasicTypeReference@101bdd1c
2025-01-03T15:14:37.999+07:00 DEBUG 8085 --- [           main] org.hibernate.type.BasicTypeRegistry     : Adding type registration image -> org.hibernate.type.BasicTypeReference@e91af20
2025-01-03T15:14:37.999+07:00 DEBUG 8085 --- [           main] org.hibernate.type.BasicTypeRegistry     : Adding type registration blob -> org.hibernate.type.BasicTypeReference@6221b13b
2025-01-03T15:14:37.999+07:00 DEBUG 8085 --- [           main] org.hibernate.type.BasicTypeRegistry     : Adding type registration java.sql.Blob -> org.hibernate.type.BasicTypeReference@6221b13b
2025-01-03T15:14:37.999+07:00 DEBUG 8085 --- [           main] org.hibernate.type.BasicTypeRegistry     : Adding type registration materialized_blob -> org.hibernate.type.BasicTypeReference@62c3f556
2025-01-03T15:14:37.999+07:00 DEBUG 8085 --- [           main] org.hibernate.type.BasicTypeRegistry     : Adding type registration materialized_blob_wrapper -> org.hibernate.type.BasicTypeReference@2cfe272f
2025-01-03T15:14:37.999+07:00 DEBUG 8085 --- [           main] org.hibernate.type.BasicTypeRegistry     : Adding type registration short -> org.hibernate.type.BasicTypeReference@2f95653f
2025-01-03T15:14:37.999+07:00 DEBUG 8085 --- [           main] org.hibernate.type.BasicTypeRegistry     : Adding type registration short -> org.hibernate.type.BasicTypeReference@2f95653f
2025-01-03T15:14:37.999+07:00 DEBUG 8085 --- [           main] org.hibernate.type.BasicTypeRegistry     : Adding type registration java.lang.Short -> org.hibernate.type.BasicTypeReference@2f95653f
2025-01-03T15:14:37.999+07:00 DEBUG 8085 --- [           main] org.hibernate.type.BasicTypeRegistry     : Adding type registration integer -> org.hibernate.type.BasicTypeReference@4052b19f
2025-01-03T15:14:37.999+07:00 DEBUG 8085 --- [           main] org.hibernate.type.BasicTypeRegistry     : Adding type registration int -> org.hibernate.type.BasicTypeReference@4052b19f
2025-01-03T15:14:37.999+07:00 DEBUG 8085 --- [           main] org.hibernate.type.BasicTypeRegistry     : Adding type registration java.lang.Integer -> org.hibernate.type.BasicTypeReference@4052b19f
2025-01-03T15:14:38.000+07:00 DEBUG 8085 --- [           main] org.hibernate.type.BasicTypeRegistry     : Adding type registration long -> org.hibernate.type.BasicTypeReference@3dc68586
2025-01-03T15:14:38.000+07:00 DEBUG 8085 --- [           main] org.hibernate.type.BasicTypeRegistry     : Adding type registration long -> org.hibernate.type.BasicTypeReference@3dc68586
2025-01-03T15:14:38.000+07:00 DEBUG 8085 --- [           main] org.hibernate.type.BasicTypeRegistry     : Adding type registration java.lang.Long -> org.hibernate.type.BasicTypeReference@3dc68586
2025-01-03T15:14:38.000+07:00 DEBUG 8085 --- [           main] org.hibernate.type.BasicTypeRegistry     : Adding type registration float -> org.hibernate.type.BasicTypeReference@60dc1a4e
2025-01-03T15:14:38.000+07:00 DEBUG 8085 --- [           main] org.hibernate.type.BasicTypeRegistry     : Adding type registration float -> org.hibernate.type.BasicTypeReference@60dc1a4e
2025-01-03T15:14:38.000+07:00 DEBUG 8085 --- [           main] org.hibernate.type.BasicTypeRegistry     : Adding type registration java.lang.Float -> org.hibernate.type.BasicTypeReference@60dc1a4e
2025-01-03T15:14:38.000+07:00 DEBUG 8085 --- [           main] org.hibernate.type.BasicTypeRegistry     : Adding type registration double -> org.hibernate.type.BasicTypeReference@646427f7
2025-01-03T15:14:38.000+07:00 DEBUG 8085 --- [           main] org.hibernate.type.BasicTypeRegistry     : Adding type registration double -> org.hibernate.type.BasicTypeReference@646427f7
2025-01-03T15:14:38.000+07:00 DEBUG 8085 --- [           main] org.hibernate.type.BasicTypeRegistry     : Adding type registration java.lang.Double -> org.hibernate.type.BasicTypeReference@646427f7
2025-01-03T15:14:38.000+07:00 DEBUG 8085 --- [           main] org.hibernate.type.BasicTypeRegistry     : Adding type registration big_integer -> org.hibernate.type.BasicTypeReference@31efacad
2025-01-03T15:14:38.000+07:00 DEBUG 8085 --- [           main] org.hibernate.type.BasicTypeRegistry     : Adding type registration java.math.BigInteger -> org.hibernate.type.BasicTypeReference@31efacad
2025-01-03T15:14:38.000+07:00 DEBUG 8085 --- [           main] org.hibernate.type.BasicTypeRegistry     : Adding type registration big_decimal -> org.hibernate.type.BasicTypeReference@380ce5a3
2025-01-03T15:14:38.000+07:00 DEBUG 8085 --- [           main] org.hibernate.type.BasicTypeRegistry     : Adding type registration java.math.BigDecimal -> org.hibernate.type.BasicTypeReference@380ce5a3
2025-01-03T15:14:38.001+07:00 DEBUG 8085 --- [           main] org.hibernate.type.BasicTypeRegistry     : Adding type registration character -> org.hibernate.type.BasicTypeReference@38029686
2025-01-03T15:14:38.001+07:00 DEBUG 8085 --- [           main] org.hibernate.type.BasicTypeRegistry     : Adding type registration char -> org.hibernate.type.BasicTypeReference@38029686
2025-01-03T15:14:38.001+07:00 DEBUG 8085 --- [           main] org.hibernate.type.BasicTypeRegistry     : Adding type registration java.lang.Character -> org.hibernate.type.BasicTypeReference@38029686
2025-01-03T15:14:38.001+07:00 DEBUG 8085 --- [           main] org.hibernate.type.BasicTypeRegistry     : Adding type registration character_nchar -> org.hibernate.type.BasicTypeReference@7d9c45ee
2025-01-03T15:14:38.001+07:00 DEBUG 8085 --- [           main] org.hibernate.type.BasicTypeRegistry     : Adding type registration string -> org.hibernate.type.BasicTypeReference@31da0434
2025-01-03T15:14:38.001+07:00 DEBUG 8085 --- [           main] org.hibernate.type.BasicTypeRegistry     : Adding type registration java.lang.String -> org.hibernate.type.BasicTypeReference@31da0434
2025-01-03T15:14:38.001+07:00 DEBUG 8085 --- [           main] org.hibernate.type.BasicTypeRegistry     : Adding type registration nstring -> org.hibernate.type.BasicTypeReference@6e24ce51
2025-01-03T15:14:38.001+07:00 DEBUG 8085 --- [           main] org.hibernate.type.BasicTypeRegistry     : Adding type registration characters -> org.hibernate.type.BasicTypeReference@423ed3b5
2025-01-03T15:14:38.001+07:00 DEBUG 8085 --- [           main] org.hibernate.type.BasicTypeRegistry     : Adding type registration char[] -> org.hibernate.type.BasicTypeReference@423ed3b5
2025-01-03T15:14:38.001+07:00 DEBUG 8085 --- [           main] org.hibernate.type.BasicTypeRegistry     : Adding type registration [C -> org.hibernate.type.BasicTypeReference@423ed3b5
2025-01-03T15:14:38.001+07:00 DEBUG 8085 --- [           main] org.hibernate.type.BasicTypeRegistry     : Adding type registration wrapper-characters -> org.hibernate.type.BasicTypeReference@5d124d29
2025-01-03T15:14:38.001+07:00 DEBUG 8085 --- [           main] org.hibernate.type.BasicTypeRegistry     : Adding type registration text -> org.hibernate.type.BasicTypeReference@3c88191b
2025-01-03T15:14:38.001+07:00 DEBUG 8085 --- [           main] org.hibernate.type.BasicTypeRegistry     : Adding type registration ntext -> org.hibernate.type.BasicTypeReference@74960e9d
2025-01-03T15:14:38.001+07:00 DEBUG 8085 --- [           main] org.hibernate.type.BasicTypeRegistry     : Adding type registration clob -> org.hibernate.type.BasicTypeReference@4001d8c1
2025-01-03T15:14:38.001+07:00 DEBUG 8085 --- [           main] org.hibernate.type.BasicTypeRegistry     : Adding type registration java.sql.Clob -> org.hibernate.type.BasicTypeReference@4001d8c1
2025-01-03T15:14:38.002+07:00 DEBUG 8085 --- [           main] org.hibernate.type.BasicTypeRegistry     : Adding type registration nclob -> org.hibernate.type.BasicTypeReference@fb5aeed
2025-01-03T15:14:38.002+07:00 DEBUG 8085 --- [           main] org.hibernate.type.BasicTypeRegistry     : Adding type registration java.sql.NClob -> org.hibernate.type.BasicTypeReference@fb5aeed
2025-01-03T15:14:38.002+07:00 DEBUG 8085 --- [           main] org.hibernate.type.BasicTypeRegistry     : Adding type registration materialized_clob -> org.hibernate.type.BasicTypeReference@73893ec1
2025-01-03T15:14:38.002+07:00 DEBUG 8085 --- [           main] org.hibernate.type.BasicTypeRegistry     : Adding type registration materialized_clob_char_array -> org.hibernate.type.BasicTypeReference@37af24cb
2025-01-03T15:14:38.002+07:00 DEBUG 8085 --- [           main] org.hibernate.type.BasicTypeRegistry     : Adding type registration materialized_clob_character_array -> org.hibernate.type.BasicTypeReference@7926352f
2025-01-03T15:14:38.002+07:00 DEBUG 8085 --- [           main] org.hibernate.type.BasicTypeRegistry     : Adding type registration materialized_nclob -> org.hibernate.type.BasicTypeReference@5bc63e20
2025-01-03T15:14:38.002+07:00 DEBUG 8085 --- [           main] org.hibernate.type.BasicTypeRegistry     : Adding type registration materialized_nclob_character_array -> org.hibernate.type.BasicTypeReference@61037caf
2025-01-03T15:14:38.002+07:00 DEBUG 8085 --- [           main] org.hibernate.type.BasicTypeRegistry     : Adding type registration materialized_nclob_char_array -> org.hibernate.type.BasicTypeReference@2fc49538
2025-01-03T15:14:38.002+07:00 DEBUG 8085 --- [           main] org.hibernate.type.BasicTypeRegistry     : Adding type registration Duration -> org.hibernate.type.BasicTypeReference@670342a2
2025-01-03T15:14:38.002+07:00 DEBUG 8085 --- [           main] org.hibernate.type.BasicTypeRegistry     : Adding type registration java.time.Duration -> org.hibernate.type.BasicTypeReference@670342a2
2025-01-03T15:14:38.002+07:00 DEBUG 8085 --- [           main] org.hibernate.type.BasicTypeRegistry     : Adding type registration LocalDateTime -> org.hibernate.type.BasicTypeReference@d5e575c
2025-01-03T15:14:38.002+07:00 DEBUG 8085 --- [           main] org.hibernate.type.BasicTypeRegistry     : Adding type registration java.time.LocalDateTime -> org.hibernate.type.BasicTypeReference@d5e575c
2025-01-03T15:14:38.002+07:00 DEBUG 8085 --- [           main] org.hibernate.type.BasicTypeRegistry     : Adding type registration LocalDate -> org.hibernate.type.BasicTypeReference@7742a45c
2025-01-03T15:14:38.002+07:00 DEBUG 8085 --- [           main] org.hibernate.type.BasicTypeRegistry     : Adding type registration java.time.LocalDate -> org.hibernate.type.BasicTypeReference@7742a45c
2025-01-03T15:14:38.003+07:00 DEBUG 8085 --- [           main] org.hibernate.type.BasicTypeRegistry     : Adding type registration LocalTime -> org.hibernate.type.BasicTypeReference@7ca492d9
2025-01-03T15:14:38.003+07:00 DEBUG 8085 --- [           main] org.hibernate.type.BasicTypeRegistry     : Adding type registration java.time.LocalTime -> org.hibernate.type.BasicTypeReference@7ca492d9
2025-01-03T15:14:38.003+07:00 DEBUG 8085 --- [           main] org.hibernate.type.BasicTypeRegistry     : Adding type registration OffsetDateTime -> org.hibernate.type.BasicTypeReference@14fc9bd
2025-01-03T15:14:38.003+07:00 DEBUG 8085 --- [           main] org.hibernate.type.BasicTypeRegistry     : Adding type registration java.time.OffsetDateTime -> org.hibernate.type.BasicTypeReference@14fc9bd
2025-01-03T15:14:38.003+07:00 DEBUG 8085 --- [           main] org.hibernate.type.BasicTypeRegistry     : Adding type registration OffsetDateTimeWithTimezone -> org.hibernate.type.BasicTypeReference@7ed49a7f
2025-01-03T15:14:38.003+07:00 DEBUG 8085 --- [           main] org.hibernate.type.BasicTypeRegistry     : Adding type registration OffsetDateTimeWithoutTimezone -> org.hibernate.type.BasicTypeReference@1cd6b1bd
2025-01-03T15:14:38.003+07:00 DEBUG 8085 --- [           main] org.hibernate.type.BasicTypeRegistry     : Adding type registration OffsetTime -> org.hibernate.type.BasicTypeReference@443cdaa4
2025-01-03T15:14:38.003+07:00 DEBUG 8085 --- [           main] org.hibernate.type.BasicTypeRegistry     : Adding type registration java.time.OffsetTime -> org.hibernate.type.BasicTypeReference@443cdaa4
2025-01-03T15:14:38.003+07:00 DEBUG 8085 --- [           main] org.hibernate.type.BasicTypeRegistry     : Adding type registration OffsetTimeUtc -> org.hibernate.type.BasicTypeReference@3b41e1bf
2025-01-03T15:14:38.003+07:00 DEBUG 8085 --- [           main] org.hibernate.type.BasicTypeRegistry     : Adding type registration OffsetTimeWithTimezone -> org.hibernate.type.BasicTypeReference@619c93ca
2025-01-03T15:14:38.003+07:00 DEBUG 8085 --- [           main] org.hibernate.type.BasicTypeRegistry     : Adding type registration OffsetTimeWithoutTimezone -> org.hibernate.type.BasicTypeReference@486e9d1d
2025-01-03T15:14:38.003+07:00 DEBUG 8085 --- [           main] org.hibernate.type.BasicTypeRegistry     : Adding type registration ZonedDateTime -> org.hibernate.type.BasicTypeReference@6aa5974e
2025-01-03T15:14:38.003+07:00 DEBUG 8085 --- [           main] org.hibernate.type.BasicTypeRegistry     : Adding type registration java.time.ZonedDateTime -> org.hibernate.type.BasicTypeReference@6aa5974e
2025-01-03T15:14:38.003+07:00 DEBUG 8085 --- [           main] org.hibernate.type.BasicTypeRegistry     : Adding type registration ZonedDateTimeWithTimezone -> org.hibernate.type.BasicTypeReference@5e5ddfbc
2025-01-03T15:14:38.003+07:00 DEBUG 8085 --- [           main] org.hibernate.type.BasicTypeRegistry     : Adding type registration ZonedDateTimeWithoutTimezone -> org.hibernate.type.BasicTypeReference@5bda157e
2025-01-03T15:14:38.003+07:00 DEBUG 8085 --- [           main] org.hibernate.type.BasicTypeRegistry     : Adding type registration date -> org.hibernate.type.BasicTypeReference@67e0fd6d
2025-01-03T15:14:38.003+07:00 DEBUG 8085 --- [           main] org.hibernate.type.BasicTypeRegistry     : Adding type registration java.sql.Date -> org.hibernate.type.BasicTypeReference@67e0fd6d
2025-01-03T15:14:38.004+07:00 DEBUG 8085 --- [           main] org.hibernate.type.BasicTypeRegistry     : Adding type registration time -> org.hibernate.type.BasicTypeReference@21390938
2025-01-03T15:14:38.004+07:00 DEBUG 8085 --- [           main] org.hibernate.type.BasicTypeRegistry     : Adding type registration java.sql.Time -> org.hibernate.type.BasicTypeReference@21390938
2025-01-03T15:14:38.004+07:00 DEBUG 8085 --- [           main] org.hibernate.type.BasicTypeRegistry     : Adding type registration timestamp -> org.hibernate.type.BasicTypeReference@1129829c
2025-01-03T15:14:38.004+07:00 DEBUG 8085 --- [           main] org.hibernate.type.BasicTypeRegistry     : Adding type registration java.sql.Timestamp -> org.hibernate.type.BasicTypeReference@1129829c
2025-01-03T15:14:38.004+07:00 DEBUG 8085 --- [           main] org.hibernate.type.BasicTypeRegistry     : Adding type registration java.util.Date -> org.hibernate.type.BasicTypeReference@1129829c
2025-01-03T15:14:38.004+07:00 DEBUG 8085 --- [           main] org.hibernate.type.BasicTypeRegistry     : Adding type registration calendar -> org.hibernate.type.BasicTypeReference@1a531422
2025-01-03T15:14:38.004+07:00 DEBUG 8085 --- [           main] org.hibernate.type.BasicTypeRegistry     : Adding type registration java.util.Calendar -> org.hibernate.type.BasicTypeReference@1a531422
2025-01-03T15:14:38.004+07:00 DEBUG 8085 --- [           main] org.hibernate.type.BasicTypeRegistry     : Adding type registration java.util.GregorianCalendar -> org.hibernate.type.BasicTypeReference@1a531422
2025-01-03T15:14:38.004+07:00 DEBUG 8085 --- [           main] org.hibernate.type.BasicTypeRegistry     : Adding type registration calendar_date -> org.hibernate.type.BasicTypeReference@7a388990
2025-01-03T15:14:38.004+07:00 DEBUG 8085 --- [           main] org.hibernate.type.BasicTypeRegistry     : Adding type registration calendar_time -> org.hibernate.type.BasicTypeReference@13213f26
2025-01-03T15:14:38.004+07:00 DEBUG 8085 --- [           main] org.hibernate.type.BasicTypeRegistry     : Adding type registration instant -> org.hibernate.type.BasicTypeReference@4e4162bc
2025-01-03T15:14:38.004+07:00 DEBUG 8085 --- [           main] org.hibernate.type.BasicTypeRegistry     : Adding type registration java.time.Instant -> org.hibernate.type.BasicTypeReference@4e4162bc
2025-01-03T15:14:38.004+07:00 DEBUG 8085 --- [           main] org.hibernate.type.BasicTypeRegistry     : Adding type registration uuid -> org.hibernate.type.BasicTypeReference@4c319d52
2025-01-03T15:14:38.004+07:00 DEBUG 8085 --- [           main] org.hibernate.type.BasicTypeRegistry     : Adding type registration java.util.UUID -> org.hibernate.type.BasicTypeReference@4c319d52
2025-01-03T15:14:38.004+07:00 DEBUG 8085 --- [           main] org.hibernate.type.BasicTypeRegistry     : Adding type registration pg-uuid -> org.hibernate.type.BasicTypeReference@4c319d52
2025-01-03T15:14:38.004+07:00 DEBUG 8085 --- [           main] org.hibernate.type.BasicTypeRegistry     : Adding type registration uuid-binary -> org.hibernate.type.BasicTypeReference@72fbf94d
2025-01-03T15:14:38.004+07:00 DEBUG 8085 --- [           main] org.hibernate.type.BasicTypeRegistry     : Adding type registration uuid-char -> org.hibernate.type.BasicTypeReference@6839203b
2025-01-03T15:14:38.004+07:00 DEBUG 8085 --- [           main] org.hibernate.type.BasicTypeRegistry     : Adding type registration class -> org.hibernate.type.BasicTypeReference@2d28fb02
2025-01-03T15:14:38.004+07:00 DEBUG 8085 --- [           main] org.hibernate.type.BasicTypeRegistry     : Adding type registration java.lang.Class -> org.hibernate.type.BasicTypeReference@2d28fb02
2025-01-03T15:14:38.004+07:00 DEBUG 8085 --- [           main] org.hibernate.type.BasicTypeRegistry     : Adding type registration currency -> org.hibernate.type.BasicTypeReference@6db328f8
2025-01-03T15:14:38.004+07:00 DEBUG 8085 --- [           main] org.hibernate.type.BasicTypeRegistry     : Adding type registration Currency -> org.hibernate.type.BasicTypeReference@6db328f8
2025-01-03T15:14:38.005+07:00 DEBUG 8085 --- [           main] org.hibernate.type.BasicTypeRegistry     : Adding type registration java.util.Currency -> org.hibernate.type.BasicTypeReference@6db328f8
2025-01-03T15:14:38.005+07:00 DEBUG 8085 --- [           main] org.hibernate.type.BasicTypeRegistry     : Adding type registration locale -> org.hibernate.type.BasicTypeReference@402f8592
2025-01-03T15:14:38.005+07:00 DEBUG 8085 --- [           main] org.hibernate.type.BasicTypeRegistry     : Adding type registration java.util.Locale -> org.hibernate.type.BasicTypeReference@402f8592
2025-01-03T15:14:38.005+07:00 DEBUG 8085 --- [           main] org.hibernate.type.BasicTypeRegistry     : Adding type registration serializable -> org.hibernate.type.BasicTypeReference@61b65d54
2025-01-03T15:14:38.005+07:00 DEBUG 8085 --- [           main] org.hibernate.type.BasicTypeRegistry     : Adding type registration java.io.Serializable -> org.hibernate.type.BasicTypeReference@61b65d54
2025-01-03T15:14:38.005+07:00 DEBUG 8085 --- [           main] org.hibernate.type.BasicTypeRegistry     : Adding type registration timezone -> org.hibernate.type.BasicTypeReference@b2c4a8b
2025-01-03T15:14:38.005+07:00 DEBUG 8085 --- [           main] org.hibernate.type.BasicTypeRegistry     : Adding type registration java.util.TimeZone -> org.hibernate.type.BasicTypeReference@b2c4a8b
2025-01-03T15:14:38.005+07:00 DEBUG 8085 --- [           main] org.hibernate.type.BasicTypeRegistry     : Adding type registration ZoneOffset -> org.hibernate.type.BasicTypeReference@7f2c57fe
2025-01-03T15:14:38.005+07:00 DEBUG 8085 --- [           main] org.hibernate.type.BasicTypeRegistry     : Adding type registration java.time.ZoneOffset -> org.hibernate.type.BasicTypeReference@7f2c57fe
2025-01-03T15:14:38.005+07:00 DEBUG 8085 --- [           main] org.hibernate.type.BasicTypeRegistry     : Adding type registration url -> org.hibernate.type.BasicTypeReference@43935e9c
2025-01-03T15:14:38.005+07:00 DEBUG 8085 --- [           main] org.hibernate.type.BasicTypeRegistry     : Adding type registration java.net.URL -> org.hibernate.type.BasicTypeReference@43935e9c
2025-01-03T15:14:38.005+07:00 DEBUG 8085 --- [           main] org.hibernate.type.BasicTypeRegistry     : Adding type registration vector -> org.hibernate.type.BasicTypeReference@101cf747
2025-01-03T15:14:38.005+07:00 DEBUG 8085 --- [           main] org.hibernate.type.BasicTypeRegistry     : Adding type registration row_version -> org.hibernate.type.BasicTypeReference@790d8fdd
2025-01-03T15:14:38.008+07:00 DEBUG 8085 --- [           main] org.hibernate.type.BasicTypeRegistry     : Adding type registration object -> org.hibernate.type.JavaObjectType@2f9b21d6
2025-01-03T15:14:38.008+07:00 DEBUG 8085 --- [           main] org.hibernate.type.BasicTypeRegistry     : Adding type registration java.lang.Object -> org.hibernate.type.JavaObjectType@2f9b21d6
2025-01-03T15:14:38.008+07:00 DEBUG 8085 --- [           main] org.hibernate.type.BasicTypeRegistry     : Adding type registration null -> org.hibernate.type.NullType@7fef0b40
2025-01-03T15:14:38.009+07:00 DEBUG 8085 --- [           main] org.hibernate.type.BasicTypeRegistry     : Adding type registration imm_date -> org.hibernate.type.BasicTypeReference@5f395ce1
2025-01-03T15:14:38.009+07:00 DEBUG 8085 --- [           main] org.hibernate.type.BasicTypeRegistry     : Adding type registration imm_time -> org.hibernate.type.BasicTypeReference@1e30db85
2025-01-03T15:14:38.009+07:00 DEBUG 8085 --- [           main] org.hibernate.type.BasicTypeRegistry     : Adding type registration imm_timestamp -> org.hibernate.type.BasicTypeReference@19827608
2025-01-03T15:14:38.009+07:00 DEBUG 8085 --- [           main] org.hibernate.type.BasicTypeRegistry     : Adding type registration imm_calendar -> org.hibernate.type.BasicTypeReference@cc9ef8d
2025-01-03T15:14:38.009+07:00 DEBUG 8085 --- [           main] org.hibernate.type.BasicTypeRegistry     : Adding type registration imm_calendar_date -> org.hibernate.type.BasicTypeReference@14b528b6
2025-01-03T15:14:38.009+07:00 DEBUG 8085 --- [           main] org.hibernate.type.BasicTypeRegistry     : Adding type registration imm_calendar_time -> org.hibernate.type.BasicTypeReference@c412556
2025-01-03T15:14:38.009+07:00 DEBUG 8085 --- [           main] org.hibernate.type.BasicTypeRegistry     : Adding type registration imm_binary -> org.hibernate.type.BasicTypeReference@6f930e0
2025-01-03T15:14:38.009+07:00 DEBUG 8085 --- [           main] org.hibernate.type.BasicTypeRegistry     : Adding type registration imm_serializable -> org.hibernate.type.BasicTypeReference@450f0235
2025-01-03T15:14:38.081+07:00  INFO 8085 --- [           main] o.s.o.j.p.SpringPersistenceUnitInfo      : No LoadTimeWeaver setup: ignoring JPA class transformer
2025-01-03T15:14:38.104+07:00  INFO 8085 --- [           main] com.zaxxer.hikari.HikariDataSource       : HikariPool-1 - Starting...
2025-01-03T15:14:38.867+07:00  INFO 8085 --- [           main] com.zaxxer.hikari.pool.HikariPool        : HikariPool-1 - Added connection org.postgresql.jdbc.PgConnection@697a92af
2025-01-03T15:14:38.868+07:00  INFO 8085 --- [           main] com.zaxxer.hikari.HikariDataSource       : HikariPool-1 - Start completed.
2025-01-03T15:14:39.060+07:00 DEBUG 8085 --- [           main] o.h.t.d.sql.spi.DdlTypeRegistry          : addDescriptor(2003, org.hibernate.type.descriptor.sql.internal.ArrayDdlTypeImpl@2a425cf5) replaced previous registration(org.hibernate.type.descriptor.sql.internal.ArrayDdlTypeImpl@17d76ebb)
2025-01-03T15:14:39.060+07:00 DEBUG 8085 --- [           main] o.h.t.d.sql.spi.DdlTypeRegistry          : addDescriptor(6, org.hibernate.type.descriptor.sql.internal.CapacityDependentDdlType@40b31a16) replaced previous registration(org.hibernate.type.descriptor.sql.internal.DdlTypeImpl@25fa6889)
2025-01-03T15:14:39.061+07:00 DEBUG 8085 --- [           main] o.h.t.d.jdbc.spi.JdbcTypeRegistry        : addDescriptor(2004, BlobTypeDescriptor(BLOB_BINDING)) replaced previous registration(BlobTypeDescriptor(DEFAULT))
2025-01-03T15:14:39.061+07:00 DEBUG 8085 --- [           main] o.h.t.d.jdbc.spi.JdbcTypeRegistry        : addDescriptor(2005, ClobTypeDescriptor(CLOB_BINDING)) replaced previous registration(ClobTypeDescriptor(DEFAULT))
2025-01-03T15:14:39.066+07:00 DEBUG 8085 --- [           main] org.hibernate.type.BasicTypeRegistry     : Adding type registration JAVA_OBJECT -> org.hibernate.type.JavaObjectType@283baa39
2025-01-03T15:14:39.066+07:00 DEBUG 8085 --- [           main] org.hibernate.type.BasicTypeRegistry     : Adding type registration java.lang.Object -> org.hibernate.type.JavaObjectType@283baa39
2025-01-03T15:14:39.066+07:00 DEBUG 8085 --- [           main] org.hibernate.type.BasicTypeRegistry     : Type registration key [java.lang.Object] overrode previous entry : `org.hibernate.type.JavaObjectType@2f9b21d6`
2025-01-03T15:14:39.067+07:00 DEBUG 8085 --- [           main] org.hibernate.type.BasicTypeRegistry     : Adding type registration org.hibernate.type.DurationType -> basicType@1(java.time.Duration,2)
2025-01-03T15:14:39.068+07:00 DEBUG 8085 --- [           main] org.hibernate.type.BasicTypeRegistry     : Adding type registration Duration -> basicType@1(java.time.Duration,2)
2025-01-03T15:14:39.068+07:00 DEBUG 8085 --- [           main] org.hibernate.type.BasicTypeRegistry     : Adding type registration java.time.Duration -> basicType@1(java.time.Duration,2)
2025-01-03T15:14:39.069+07:00 DEBUG 8085 --- [           main] org.hibernate.type.BasicTypeRegistry     : Adding type registration org.hibernate.type.OffsetDateTimeType -> basicType@2(java.time.OffsetDateTime,3003)
2025-01-03T15:14:39.069+07:00 DEBUG 8085 --- [           main] org.hibernate.type.BasicTypeRegistry     : Adding type registration OffsetDateTime -> basicType@2(java.time.OffsetDateTime,3003)
2025-01-03T15:14:39.069+07:00 DEBUG 8085 --- [           main] org.hibernate.type.BasicTypeRegistry     : Adding type registration java.time.OffsetDateTime -> basicType@2(java.time.OffsetDateTime,3003)
2025-01-03T15:14:39.069+07:00 DEBUG 8085 --- [           main] org.hibernate.type.BasicTypeRegistry     : Adding type registration org.hibernate.type.ZonedDateTimeType -> basicType@3(java.time.ZonedDateTime,3003)
2025-01-03T15:14:39.069+07:00 DEBUG 8085 --- [           main] org.hibernate.type.BasicTypeRegistry     : Adding type registration ZonedDateTime -> basicType@3(java.time.ZonedDateTime,3003)
2025-01-03T15:14:39.069+07:00 DEBUG 8085 --- [           main] org.hibernate.type.BasicTypeRegistry     : Adding type registration java.time.ZonedDateTime -> basicType@3(java.time.ZonedDateTime,3003)
2025-01-03T15:14:39.069+07:00 DEBUG 8085 --- [           main] org.hibernate.type.BasicTypeRegistry     : Adding type registration org.hibernate.type.OffsetTimeType -> basicType@4(java.time.OffsetTime,3007)
2025-01-03T15:14:39.069+07:00 DEBUG 8085 --- [           main] org.hibernate.type.BasicTypeRegistry     : Adding type registration OffsetTime -> basicType@4(java.time.OffsetTime,3007)
2025-01-03T15:14:39.070+07:00 DEBUG 8085 --- [           main] org.hibernate.type.BasicTypeRegistry     : Adding type registration java.time.OffsetTime -> basicType@4(java.time.OffsetTime,3007)
2025-01-03T15:14:39.070+07:00 DEBUG 8085 --- [           main] o.h.type.spi.TypeConfiguration$Scope     : Scoping TypeConfiguration [org.hibernate.type.spi.TypeConfiguration@4ae49387] to MetadataBuildingContext [org.hibernate.boot.internal.MetadataBuildingContextRootImpl@6abb7b7d]
2025-01-03T15:14:39.626+07:00  INFO 8085 --- [           main] o.h.e.t.j.p.i.JtaPlatformInitiator       : HHH000489: No JTA platform available (set 'hibernate.transaction.jta.platform' to enable JTA platform integration)
2025-01-03T15:14:39.626+07:00 DEBUG 8085 --- [           main] o.h.type.spi.TypeConfiguration$Scope     : Scoping TypeConfiguration [org.hibernate.type.spi.TypeConfiguration@4ae49387] to SessionFactoryImplementor [org.hibernate.internal.SessionFactoryImpl@1d2d793d]
2025-01-03T15:14:41.316+07:00 TRACE 8085 --- [           main] o.h.type.spi.TypeConfiguration$Scope     : Handling #sessionFactoryCreated from [org.hibernate.internal.SessionFactoryImpl@1d2d793d] for TypeConfiguration
2025-01-03T15:14:41.317+07:00  INFO 8085 --- [           main] j.LocalContainerEntityManagerFactoryBean : Initialized JPA EntityManagerFactory for persistence unit 'default'
2025-01-03T15:14:41.529+07:00  INFO 8085 --- [           main] o.s.d.j.r.query.QueryEnhancerFactory     : Hibernate is in classpath; If applicable, HQL parser will be used.
2025-01-03T15:14:42.106+07:00  WARN 8085 --- [           main] JpaBaseConfiguration$JpaWebConfiguration : spring.jpa.open-in-view is enabled by default. Therefore, database queries may be performed during view rendering. Explicitly configure spring.jpa.open-in-view to disable this warning
2025-01-03T15:14:42.270+07:00  INFO 8085 --- [           main] o.s.s.web.DefaultSecurityFilterChain     : Will secure any request with [org.springframework.security.web.session.DisableEncodeUrlFilter@23338420, org.springframework.security.web.context.request.async.WebAsyncManagerIntegrationFilter@61231034, org.springframework.security.web.context.SecurityContextHolderFilter@54fc7fce, org.springframework.security.web.header.HeaderWriterFilter@1858f93e, org.springframework.web.filter.CorsFilter@7263ad06, org.springframework.security.web.authentication.logout.LogoutFilter@566c6b91, com.project.bookMembership.config.JwtAuthFilter@9771c71, org.springframework.security.web.savedrequest.RequestCacheAwareFilter@4f36fc2d, org.springframework.security.web.servletapi.SecurityContextHolderAwareRequestFilter@8d0d52a, org.springframework.security.web.authentication.AnonymousAuthenticationFilter@6d553763, org.springframework.security.web.session.SessionManagementFilter@1e299e3f, org.springframework.security.web.access.ExceptionTranslationFilter@1bb6b0f3, org.springframework.security.web.access.intercept.FilterSecurityInterceptor@79a68d19]
2025-01-03T15:14:42.446+07:00  INFO 8085 --- [           main] c.p.b.BookMembershipApplicationTests     : Started BookMembershipApplicationTests in 5.614 seconds (process running for 6.186)
]]></system-out>
    <system-err><![CDATA[WARNING: A Java agent has been loaded dynamically (/Users/fozant/.m2/repository/net/bytebuddy/byte-buddy-agent/1.14.11/byte-buddy-agent-1.14.11.jar)
WARNING: If a serviceability tool is in use, please run with -XX:+EnableDynamicAgentLoading to hide this warning
WARNING: If a serviceability tool is not in use, please run with -Djdk.instrument.traceUsage for more information
WARNING: Dynamic loading of agents will be disallowed by default in a future release
]]></system-err>
  </testcase>
</testsuite>